Date: 2025-04-30 11:45:59
Nom: خليفة جعفر
Email: tahar.djebbar.mohamed02@gmail.com
Téléphone: 0558671050
Sujet: Proposition de projet
Message: rgrgggggggggggggggggggggggggggggggg
IP: ::1
Navigateur: Mozilla/5.0 (Windows NT 10.0; Win64; x64) AppleWebKit/537.36 (KHTML, like Gecko) Chrome/135.0.0.0 Safari/537.36
--------------------------------------------------

Date: 2025-04-30 11:46:11
Nom: خليفة جعفر
Email: tahar.djebbar.mohamed02@gmail.com
Téléphone: 0558671050
Sujet: Question générale
Message: efffffffffffffffffffffff
IP: ::1
Navigateur: Mozilla/5.0 (Windows NT 10.0; Win64; x64) AppleWebKit/537.36 (KHTML, like Gecko) Chrome/135.0.0.0 Safari/537.36
--------------------------------------------------

Date: 2025-04-30 11:47:00
Nom: خليفة جعفر
Email: tahar.djebbar.mohamed02@gmail.com
Téléphone: 0558671050
Sujet: Question générale
Message: efffffffffffffffffffffff
IP: ::1
Navigateur: Mozilla/5.0 (Windows NT 10.0; Win64; x64) AppleWebKit/537.36 (KHTML, like Gecko) Chrome/135.0.0.0 Safari/537.36
--------------------------------------------------

Date: 2025-04-30 11:47:11
Nom: خليفة جعفر
Email: tahar.djebbar.mohamed02@gmail.com
Téléphone: 0558671050
Sujet: Commentaires et suggestions
Message: efffffffffffffffffffffffffff
IP: ::1
Navigateur: Mozilla/5.0 (Windows NT 10.0; Win64; x64) AppleWebKit/537.36 (KHTML, like Gecko) Chrome/135.0.0.0 Safari/537.36
--------------------------------------------------

Date: 2025-04-30 11:49:46
Nom: خليفة جعفر
Email: tahar.djebbar.mohamed02@gmail.com
Téléphone: 0558671050
Sujet: Commentaires et suggestions
Message: efffffffffffffffffffffffffff
IP: ::1
Navigateur: Mozilla/5.0 (Windows NT 10.0; Win64; x64) AppleWebKit/537.36 (KHTML, like Gecko) Chrome/135.0.0.0 Safari/537.36
--------------------------------------------------

Date: 2025-04-30 11:53:17
Nom: خليفة جعفر
Email: tahar.djebbar.mohamed02@gmail.com
Téléphone: 0558671050
Sujet: Commentaires et suggestions
Message: efffffffffffffffffffffffffff
IP: ::1
Navigateur: Mozilla/5.0 (Windows NT 10.0; Win64; x64) AppleWebKit/537.36 (KHTML, like Gecko) Chrome/135.0.0.0 Safari/537.36
--------------------------------------------------

Date: 2025-04-30 11:53:50
Nom: TAHAR DJEBBAR
Email: med-tahar02@hotmail.fr
Téléphone: 0558671050
Sujet: Commentaires et suggestions
Message: SALUTSALUTSALUTSALUTSALUTSALUTSALUTSALUTSALUTSALUTSALUTSALUTSALUTSALUTSALUTSALUTSALUTSALUTSALUT
IP: ::1
Navigateur: Mozilla/5.0 (Windows NT 10.0; Win64; x64) AppleWebKit/537.36 (KHTML, like Gecko) Chrome/135.0.0.0 Safari/537.36
--------------------------------------------------

Date: 2025-04-30 12:11:39
Nom: mo
Email: tahar.djebbar.mohamed02@gmail.com
Téléphone: 0558671050
Sujet: Proposition de projet
Message: efffffffffffffffffffff
IP: ::1
Navigateur: Mozilla/5.0 (Windows NT 10.0; Win64; x64) AppleWebKit/537.36 (KHTML, like Gecko) Chrome/135.0.0.0 Safari/537.36
--------------------------------------------------

Date: 2025-04-30 12:15:23
Nom: mo
Email: tahar.djebbar.mohamed02@gmail.com
Téléphone: 0558671050
Sujet: Proposition de projet
Message: efffffffffffffffffffff
IP: ::1
Navigateur: Mozilla/5.0 (Windows NT 10.0; Win64; x64) AppleWebKit/537.36 (KHTML, like Gecko) Chrome/135.0.0.0 Safari/537.36
--------------------------------------------------

Date: 2025-04-30 12:16:14
Nom: mo
Email: tahar.djebbar.mohamed02@gmail.com
Téléphone: 0558671050
Sujet: Proposition de projet
Message: efffffffffffffffffffff
IP: ::1
Navigateur: Mozilla/5.0 (Windows NT 10.0; Win64; x64) AppleWebKit/537.36 (KHTML, like Gecko) Chrome/135.0.0.0 Safari/537.36
--------------------------------------------------

Date: 2025-04-30 12:19:42
Nom: hamid
Email: tahar.djebbar.mohamed02@gmail.com
Téléphone: 0558671050
Sujet: Proposition de projet
Message: ffffffffffffffffffffffff
IP: ::1
Navigateur: Mozilla/5.0 (Windows NT 10.0; Win64; x64) AppleWebKit/537.36 (KHTML, like Gecko) Chrome/135.0.0.0 Safari/537.36
--------------------------------------------------

